<?xml version="1.0" encoding="UTF-8"?>
<coverage generated="1648495654741" clover="3.2.0">
  <project timestamp="1648495654741" name="All files">
    <metrics statements="19" coveredstatements="19" conditionals="2" coveredconditionals="2" methods="5" coveredmethods="5" elements="26" coveredelements="26" complexity="0" loc="19" ncloc="19" packages="1" files="3" classes="3"/>
    <file name="Itinerary.js" path="/media/sara/projects/cruise-ships/src/Itinerary.js">
      <metrics statements="2" coveredstatements="2" conditionals="0" coveredconditionals="0" methods="1" coveredmethods="1"/>
      <line num="2" count="8" type="stmt"/>
      <line num="6" count="2" type="stmt"/>
    </file>
    <file name="Port.js" path="/media/sara/projects/cruise-ships/src/Port.js">
      <metrics statements="2" coveredstatements="2" conditionals="0" coveredconditionals="0" methods="1" coveredmethods="1"/>
      <line num="2" count="12" type="stmt"/>
      <line num="5" count="3" type="stmt"/>
    </file>
    <file name="Ship.js" path="/media/sara/projects/cruise-ships/src/Ship.js">
      <metrics statements="15" coveredstatements="15" conditionals="2" coveredconditionals="2" methods="3" coveredmethods="3"/>
      <line num="2" count="5" type="stmt"/>
      <line num="3" count="5" type="stmt"/>
      <line num="4" count="5" type="stmt"/>
      <line num="7" count="1" type="stmt"/>
      <line num="8" count="4" type="stmt"/>
      <line num="9" count="4" type="stmt"/>
      <line num="11" count="4" type="cond" truecount="2" falsecount="0"/>
      <line num="12" count="1" type="stmt"/>
      <line num="15" count="3" type="stmt"/>
      <line num="16" count="3" type="stmt"/>
      <line num="19" count="1" type="stmt"/>
      <line num="20" count="2" type="stmt"/>
      <line num="21" count="2" type="stmt"/>
      <line num="23" count="2" type="stmt"/>
      <line num="26" count="1" type="stmt"/>
    </file>
  </project>
</coverage>
