TN:
SF:src/Itinerary.js
FN:1,Itinerary
FNF:1
FNH:1
FNDA:9,Itinerary
DA:2,9
DA:6,2
LF:2
LH:2
BRF:0
BRH:0
end_of_record
TN:
SF:src/Port.js
FN:1,Port
FN:6,(anonymous_1)
FN:10,(anonymous_2)
FN:11,(anonymous_3)
FNF:4
FNH:4
FNDA:18,Port
FNDA:11,(anonymous_1)
FNDA:4,(anonymous_2)
FNDA:5,(anonymous_3)
DA:2,18
DA:3,18
DA:6,3
DA:7,11
DA:10,3
DA:11,5
DA:14,3
LF:7
LH:7
BRF:0
BRH:0
end_of_record
TN:
SF:src/Ship.js
FN:1,Ship
FN:8,(anonymous_1)
FN:21,(anonymous_2)
FNF:3
FNH:3
FNDA:6,Ship
FNDA:4,(anonymous_1)
FNDA:2,(anonymous_2)
DA:2,6
DA:3,6
DA:4,6
DA:5,6
DA:8,2
DA:9,4
DA:10,4
DA:12,4
DA:13,1
DA:16,3
DA:17,3
DA:18,3
DA:21,2
DA:22,2
DA:23,2
DA:25,2
DA:26,2
DA:29,2
LF:18
LH:18
BRDA:12,0,0,1
BRDA:12,0,1,3
BRF:2
BRH:2
end_of_record
