TN:
SF:src/Itinerary.js
FN:1,Itinerary
FNF:1
FNH:1
FNDA:8,Itinerary
DA:2,8
DA:6,2
LF:2
LH:2
BRF:0
BRH:0
end_of_record
TN:
SF:src/Port.js
FN:1,Port
FNF:1
FNH:1
FNDA:12,Port
DA:2,12
DA:5,3
LF:2
LH:2
BRF:0
BRH:0
end_of_record
TN:
SF:src/Ship.js
FN:1,Ship
FN:7,(anonymous_1)
FN:19,(anonymous_2)
FNF:3
FNH:3
FNDA:5,Ship
FNDA:4,(anonymous_1)
FNDA:2,(anonymous_2)
DA:2,5
DA:3,5
DA:4,5
DA:7,1
DA:8,4
DA:9,4
DA:11,4
DA:12,1
DA:15,3
DA:16,3
DA:19,1
DA:20,2
DA:21,2
DA:23,2
DA:26,1
LF:15
LH:15
BRDA:11,0,0,1
BRDA:11,0,1,3
BRF:2
BRH:2
end_of_record
